Copyright 1986-2022 Xilinx, Inc. All Rights Reserved.
--------------------------------------------------------------------------------------------------------------------------------------------------
| Tool Version : Vivado v.2022.2 (win64) Build 3671981 Fri Oct 14 05:00:03 MDT 2022
| Date         : Thu Jan 30 19:54:17 2025
| Host         : ECEB-4022-05 running 64-bit major release  (build 9200)
| Command      : report_methodology -file Main_methodology_drc_routed.rpt -pb Main_methodology_drc_routed.pb -rpx Main_methodology_drc_routed.rpx
| Design       : Main
| Device       : xc7a75tfgg484-1
| Speed File   : -1
| Design State : Fully Routed
--------------------------------------------------------------------------------------------------------------------------------------------------

Report Methodology

Table of Contents
-----------------
1. REPORT SUMMARY
2. REPORT DETAILS

1. REPORT SUMMARY
-----------------
            Netlist: netlist
          Floorplan: design_1
      Design limits: <entire design considered>
             Max violations: <unlimited>
             Violations found: 103
+-----------+------------------+------------------------------------------------------+------------+
| Rule      | Severity         | Description                                          | Violations |
+-----------+------------------+------------------------------------------------------+------------+
| TIMING-17 | Critical Warning | Non-clocked sequential cell                          | 98         |
| LUTAR-1   | Warning          | LUT drives async reset alert                         | 1          |
| TIMING-18 | Warning          | Missing input or output delay                        | 1          |
| TIMING-28 | Warning          | Auto-derived clock referenced by a timing constraint | 1          |
| XDCH-1    | Warning          | Hold option missing in multicycle path constraint    | 2          |
+-----------+------------------+------------------------------------------------------+------------+

2. REPORT DETAILS
-----------------
TIMING-17#1 Critical Warning
Non-clocked sequential cell  
The clock pin SPI_controller/FSM_onehot_cur_state_reg[0]/C is not reached by a timing clock
Related violations: <none>

TIMING-17#2 Critical Warning
Non-clocked sequential cell  
The clock pin SPI_controller/FSM_onehot_cur_state_reg[1]/C is not reached by a timing clock
Related violations: <none>

TIMING-17#3 Critical Warning
Non-clocked sequential cell  
The clock pin SPI_controller/FSM_onehot_cur_state_reg[2]/C is not reached by a timing clock
Related violations: <none>

TIMING-17#4 Critical Warning
Non-clocked sequential cell  
The clock pin SPI_controller/PC_rx_reg1_reg[0]/C is not reached by a timing clock
Related violations: <none>

TIMING-17#5 Critical Warning
Non-clocked sequential cell  
The clock pin SPI_controller/PC_rx_reg2_reg[0]/C is not reached by a timing clock
Related violations: <none>

TIMING-17#6 Critical Warning
Non-clocked sequential cell  
The clock pin SPI_controller/command_read_reg/C is not reached by a timing clock
Related violations: <none>

TIMING-17#7 Critical Warning
Non-clocked sequential cell  
The clock pin SPI_controller/tx_byte_reg[0]/C is not reached by a timing clock
Related violations: <none>

TIMING-17#8 Critical Warning
Non-clocked sequential cell  
The clock pin SPI_controller/tx_byte_reg[1]/C is not reached by a timing clock
Related violations: <none>

TIMING-17#9 Critical Warning
Non-clocked sequential cell  
The clock pin SPI_controller/tx_byte_reg[2]/C is not reached by a timing clock
Related violations: <none>

TIMING-17#10 Critical Warning
Non-clocked sequential cell  
The clock pin SPI_controller/tx_byte_reg[3]/C is not reached by a timing clock
Related violations: <none>

TIMING-17#11 Critical Warning
Non-clocked sequential cell  
The clock pin SPI_controller/tx_byte_reg[4]/C is not reached by a timing clock
Related violations: <none>

TIMING-17#12 Critical Warning
Non-clocked sequential cell  
The clock pin SPI_controller/tx_byte_reg[5]/C is not reached by a timing clock
Related violations: <none>

TIMING-17#13 Critical Warning
Non-clocked sequential cell  
The clock pin SPI_controller/tx_byte_reg[6]/C is not reached by a timing clock
Related violations: <none>

TIMING-17#14 Critical Warning
Non-clocked sequential cell  
The clock pin SPI_controller/tx_byte_reg[7]/C is not reached by a timing clock
Related violations: <none>

TIMING-17#15 Critical Warning
Non-clocked sequential cell  
The clock pin SPI_controller/tx_read_reg/C is not reached by a timing clock
Related violations: <none>

TIMING-17#16 Critical Warning
Non-clocked sequential cell  
The clock pin SPI_controller/wait_byte_reg[0]/C is not reached by a timing clock
Related violations: <none>

TIMING-17#17 Critical Warning
Non-clocked sequential cell  
The clock pin SPI_controller/wait_byte_reg[1]/C is not reached by a timing clock
Related violations: <none>

TIMING-17#18 Critical Warning
Non-clocked sequential cell  
The clock pin SPI_controller/wait_byte_reg[2]/C is not reached by a timing clock
Related violations: <none>

TIMING-17#19 Critical Warning
Non-clocked sequential cell  
The clock pin SPI_controller/wait_byte_reg[3]/C is not reached by a timing clock
Related violations: <none>

TIMING-17#20 Critical Warning
Non-clocked sequential cell  
The clock pin SPI_controller/wait_byte_reg[4]/C is not reached by a timing clock
Related violations: <none>

TIMING-17#21 Critical Warning
Non-clocked sequential cell  
The clock pin SPI_controller/wait_byte_reg[5]/C is not reached by a timing clock
Related violations: <none>

TIMING-17#22 Critical Warning
Non-clocked sequential cell  
The clock pin SPI_controller/wait_byte_reg[6]/C is not reached by a timing clock
Related violations: <none>

TIMING-17#23 Critical Warning
Non-clocked sequential cell  
The clock pin SPI_driver/FSM_sequential_cur_state_reg[0]/C is not reached by a timing clock
Related violations: <none>

TIMING-17#24 Critical Warning
Non-clocked sequential cell  
The clock pin SPI_driver/FSM_sequential_cur_state_reg[1]/C is not reached by a timing clock
Related violations: <none>

TIMING-17#25 Critical Warning
Non-clocked sequential cell  
The clock pin SPI_driver/FSM_sequential_cur_state_reg[2]/C is not reached by a timing clock
Related violations: <none>

TIMING-17#26 Critical Warning
Non-clocked sequential cell  
The clock pin SPI_driver/Miso_reg_reg[0]/C is not reached by a timing clock
Related violations: <none>

TIMING-17#27 Critical Warning
Non-clocked sequential cell  
The clock pin SPI_driver/Miso_reg_reg[1]/C is not reached by a timing clock
Related violations: <none>

TIMING-17#28 Critical Warning
Non-clocked sequential cell  
The clock pin SPI_driver/Miso_reg_reg[2]/C is not reached by a timing clock
Related violations: <none>

TIMING-17#29 Critical Warning
Non-clocked sequential cell  
The clock pin SPI_driver/Miso_reg_reg[3]/C is not reached by a timing clock
Related violations: <none>

TIMING-17#30 Critical Warning
Non-clocked sequential cell  
The clock pin SPI_driver/Miso_reg_reg[4]/C is not reached by a timing clock
Related violations: <none>

TIMING-17#31 Critical Warning
Non-clocked sequential cell  
The clock pin SPI_driver/Miso_reg_reg[5]/C is not reached by a timing clock
Related violations: <none>

TIMING-17#32 Critical Warning
Non-clocked sequential cell  
The clock pin SPI_driver/Miso_reg_reg[6]/C is not reached by a timing clock
Related violations: <none>

TIMING-17#33 Critical Warning
Non-clocked sequential cell  
The clock pin SPI_driver/Miso_reg_reg[7]/C is not reached by a timing clock
Related violations: <none>

TIMING-17#34 Critical Warning
Non-clocked sequential cell  
The clock pin SPI_driver/SPI_CLK_reg/C is not reached by a timing clock
Related violations: <none>

TIMING-17#35 Critical Warning
Non-clocked sequential cell  
The clock pin SPI_driver/SPI_MOSI_reg/C is not reached by a timing clock
Related violations: <none>

TIMING-17#36 Critical Warning
Non-clocked sequential cell  
The clock pin SPI_driver/bit_counter_reg[0]/C is not reached by a timing clock
Related violations: <none>

TIMING-17#37 Critical Warning
Non-clocked sequential cell  
The clock pin SPI_driver/bit_counter_reg[1]/C is not reached by a timing clock
Related violations: <none>

TIMING-17#38 Critical Warning
Non-clocked sequential cell  
The clock pin SPI_driver/bit_counter_reg[2]/C is not reached by a timing clock
Related violations: <none>

TIMING-17#39 Critical Warning
Non-clocked sequential cell  
The clock pin SPI_driver/clk_counter_reg[0]/C is not reached by a timing clock
Related violations: <none>

TIMING-17#40 Critical Warning
Non-clocked sequential cell  
The clock pin SPI_driver/clk_counter_reg[1]/C is not reached by a timing clock
Related violations: <none>

TIMING-17#41 Critical Warning
Non-clocked sequential cell  
The clock pin SPI_driver/clk_counter_reg[2]/C is not reached by a timing clock
Related violations: <none>

TIMING-17#42 Critical Warning
Non-clocked sequential cell  
The clock pin SPI_driver/command_addrr_reg[0]/C is not reached by a timing clock
Related violations: <none>

TIMING-17#43 Critical Warning
Non-clocked sequential cell  
The clock pin SPI_driver/command_addrr_reg[1]/C is not reached by a timing clock
Related violations: <none>

TIMING-17#44 Critical Warning
Non-clocked sequential cell  
The clock pin SPI_driver/command_addrr_reg[2]/C is not reached by a timing clock
Related violations: <none>

TIMING-17#45 Critical Warning
Non-clocked sequential cell  
The clock pin SPI_driver/command_addrr_reg[3]/C is not reached by a timing clock
Related violations: <none>

TIMING-17#46 Critical Warning
Non-clocked sequential cell  
The clock pin SPI_driver/command_addrw_reg[0]/C is not reached by a timing clock
Related violations: <none>

TIMING-17#47 Critical Warning
Non-clocked sequential cell  
The clock pin SPI_driver/command_addrw_reg[1]/C is not reached by a timing clock
Related violations: <none>

TIMING-17#48 Critical Warning
Non-clocked sequential cell  
The clock pin SPI_driver/command_addrw_reg[2]/C is not reached by a timing clock
Related violations: <none>

TIMING-17#49 Critical Warning
Non-clocked sequential cell  
The clock pin SPI_driver/command_addrw_reg[3]/C is not reached by a timing clock
Related violations: <none>

TIMING-17#50 Critical Warning
Non-clocked sequential cell  
The clock pin SPI_driver/tx_FIFO_reg_0_15_0_5/RAMA/CLK is not reached by a timing clock
Related violations: <none>

TIMING-17#51 Critical Warning
Non-clocked sequential cell  
The clock pin SPI_driver/tx_FIFO_reg_0_15_0_5/RAMA_D1/CLK is not reached by a timing clock
Related violations: <none>

TIMING-17#52 Critical Warning
Non-clocked sequential cell  
The clock pin SPI_driver/tx_FIFO_reg_0_15_0_5/RAMB/CLK is not reached by a timing clock
Related violations: <none>

TIMING-17#53 Critical Warning
Non-clocked sequential cell  
The clock pin SPI_driver/tx_FIFO_reg_0_15_0_5/RAMB_D1/CLK is not reached by a timing clock
Related violations: <none>

TIMING-17#54 Critical Warning
Non-clocked sequential cell  
The clock pin SPI_driver/tx_FIFO_reg_0_15_0_5/RAMC/CLK is not reached by a timing clock
Related violations: <none>

TIMING-17#55 Critical Warning
Non-clocked sequential cell  
The clock pin SPI_driver/tx_FIFO_reg_0_15_0_5/RAMC_D1/CLK is not reached by a timing clock
Related violations: <none>

TIMING-17#56 Critical Warning
Non-clocked sequential cell  
The clock pin SPI_driver/tx_FIFO_reg_0_15_0_5/RAMD/CLK is not reached by a timing clock
Related violations: <none>

TIMING-17#57 Critical Warning
Non-clocked sequential cell  
The clock pin SPI_driver/tx_FIFO_reg_0_15_0_5/RAMD_D1/CLK is not reached by a timing clock
Related violations: <none>

TIMING-17#58 Critical Warning
Non-clocked sequential cell  
The clock pin SPI_driver/tx_FIFO_reg_0_15_6_7/DP/CLK is not reached by a timing clock
Related violations: <none>

TIMING-17#59 Critical Warning
Non-clocked sequential cell  
The clock pin SPI_driver/tx_FIFO_reg_0_15_6_7/SP/CLK is not reached by a timing clock
Related violations: <none>

TIMING-17#60 Critical Warning
Non-clocked sequential cell  
The clock pin SPI_driver/tx_FIFO_reg_0_15_6_7__0/DP/CLK is not reached by a timing clock
Related violations: <none>

TIMING-17#61 Critical Warning
Non-clocked sequential cell  
The clock pin SPI_driver/tx_FIFO_reg_0_15_6_7__0/SP/CLK is not reached by a timing clock
Related violations: <none>

TIMING-17#62 Critical Warning
Non-clocked sequential cell  
The clock pin SPI_driver/tx_addrr_reg_rep[0]/C is not reached by a timing clock
Related violations: <none>

TIMING-17#63 Critical Warning
Non-clocked sequential cell  
The clock pin SPI_driver/tx_addrr_reg_rep[1]/C is not reached by a timing clock
Related violations: <none>

TIMING-17#64 Critical Warning
Non-clocked sequential cell  
The clock pin SPI_driver/tx_addrr_reg_rep[2]/C is not reached by a timing clock
Related violations: <none>

TIMING-17#65 Critical Warning
Non-clocked sequential cell  
The clock pin SPI_driver/tx_addrr_reg_rep[3]/C is not reached by a timing clock
Related violations: <none>

TIMING-17#66 Critical Warning
Non-clocked sequential cell  
The clock pin SPI_driver/tx_addrw_reg[0]/C is not reached by a timing clock
Related violations: <none>

TIMING-17#67 Critical Warning
Non-clocked sequential cell  
The clock pin SPI_driver/tx_addrw_reg[1]/C is not reached by a timing clock
Related violations: <none>

TIMING-17#68 Critical Warning
Non-clocked sequential cell  
The clock pin SPI_driver/tx_addrw_reg[2]/C is not reached by a timing clock
Related violations: <none>

TIMING-17#69 Critical Warning
Non-clocked sequential cell  
The clock pin SPI_driver/tx_addrw_reg[3]/C is not reached by a timing clock
Related violations: <none>

TIMING-17#70 Critical Warning
Non-clocked sequential cell  
The clock pin SPI_driver/wait_FIFO_reg_0_15_0_5/RAMA/CLK is not reached by a timing clock
Related violations: <none>

TIMING-17#71 Critical Warning
Non-clocked sequential cell  
The clock pin SPI_driver/wait_FIFO_reg_0_15_0_5/RAMA_D1/CLK is not reached by a timing clock
Related violations: <none>

TIMING-17#72 Critical Warning
Non-clocked sequential cell  
The clock pin SPI_driver/wait_FIFO_reg_0_15_0_5/RAMB/CLK is not reached by a timing clock
Related violations: <none>

TIMING-17#73 Critical Warning
Non-clocked sequential cell  
The clock pin SPI_driver/wait_FIFO_reg_0_15_0_5/RAMB_D1/CLK is not reached by a timing clock
Related violations: <none>

TIMING-17#74 Critical Warning
Non-clocked sequential cell  
The clock pin SPI_driver/wait_FIFO_reg_0_15_0_5/RAMC/CLK is not reached by a timing clock
Related violations: <none>

TIMING-17#75 Critical Warning
Non-clocked sequential cell  
The clock pin SPI_driver/wait_FIFO_reg_0_15_0_5/RAMC_D1/CLK is not reached by a timing clock
Related violations: <none>

TIMING-17#76 Critical Warning
Non-clocked sequential cell  
The clock pin SPI_driver/wait_FIFO_reg_0_15_0_5/RAMD/CLK is not reached by a timing clock
Related violations: <none>

TIMING-17#77 Critical Warning
Non-clocked sequential cell  
The clock pin SPI_driver/wait_FIFO_reg_0_15_0_5/RAMD_D1/CLK is not reached by a timing clock
Related violations: <none>

TIMING-17#78 Critical Warning
Non-clocked sequential cell  
The clock pin SPI_driver/wait_FIFO_reg_0_15_6_11/DP/CLK is not reached by a timing clock
Related violations: <none>

TIMING-17#79 Critical Warning
Non-clocked sequential cell  
The clock pin SPI_driver/wait_FIFO_reg_0_15_6_11/SP/CLK is not reached by a timing clock
Related violations: <none>

TIMING-17#80 Critical Warning
Non-clocked sequential cell  
The clock pin SPI_driver/wait_FIFO_reg_0_15_6_11__0/DP/CLK is not reached by a timing clock
Related violations: <none>

TIMING-17#81 Critical Warning
Non-clocked sequential cell  
The clock pin SPI_driver/wait_FIFO_reg_0_15_6_11__0/SP/CLK is not reached by a timing clock
Related violations: <none>

TIMING-17#82 Critical Warning
Non-clocked sequential cell  
The clock pin SPI_driver/wait_counter_reg[0]/C is not reached by a timing clock
Related violations: <none>

TIMING-17#83 Critical Warning
Non-clocked sequential cell  
The clock pin SPI_driver/wait_counter_reg[10]/C is not reached by a timing clock
Related violations: <none>

TIMING-17#84 Critical Warning
Non-clocked sequential cell  
The clock pin SPI_driver/wait_counter_reg[11]/C is not reached by a timing clock
Related violations: <none>

TIMING-17#85 Critical Warning
Non-clocked sequential cell  
The clock pin SPI_driver/wait_counter_reg[12]/C is not reached by a timing clock
Related violations: <none>

TIMING-17#86 Critical Warning
Non-clocked sequential cell  
The clock pin SPI_driver/wait_counter_reg[13]/C is not reached by a timing clock
Related violations: <none>

TIMING-17#87 Critical Warning
Non-clocked sequential cell  
The clock pin SPI_driver/wait_counter_reg[14]/C is not reached by a timing clock
Related violations: <none>

TIMING-17#88 Critical Warning
Non-clocked sequential cell  
The clock pin SPI_driver/wait_counter_reg[15]/C is not reached by a timing clock
Related violations: <none>

TIMING-17#89 Critical Warning
Non-clocked sequential cell  
The clock pin SPI_driver/wait_counter_reg[1]/C is not reached by a timing clock
Related violations: <none>

TIMING-17#90 Critical Warning
Non-clocked sequential cell  
The clock pin SPI_driver/wait_counter_reg[2]/C is not reached by a timing clock
Related violations: <none>

TIMING-17#91 Critical Warning
Non-clocked sequential cell  
The clock pin SPI_driver/wait_counter_reg[3]/C is not reached by a timing clock
Related violations: <none>

TIMING-17#92 Critical Warning
Non-clocked sequential cell  
The clock pin SPI_driver/wait_counter_reg[4]/C is not reached by a timing clock
Related violations: <none>

TIMING-17#93 Critical Warning
Non-clocked sequential cell  
The clock pin SPI_driver/wait_counter_reg[5]/C is not reached by a timing clock
Related violations: <none>

TIMING-17#94 Critical Warning
Non-clocked sequential cell  
The clock pin SPI_driver/wait_counter_reg[6]/C is not reached by a timing clock
Related violations: <none>

TIMING-17#95 Critical Warning
Non-clocked sequential cell  
The clock pin SPI_driver/wait_counter_reg[7]/C is not reached by a timing clock
Related violations: <none>

TIMING-17#96 Critical Warning
Non-clocked sequential cell  
The clock pin SPI_driver/wait_counter_reg[8]/C is not reached by a timing clock
Related violations: <none>

TIMING-17#97 Critical Warning
Non-clocked sequential cell  
The clock pin SPI_driver/wait_counter_reg[9]/C is not reached by a timing clock
Related violations: <none>

TIMING-17#98 Critical Warning
Non-clocked sequential cell  
The clock pin hostIF/core0/core0/a0/d0/dna0/CLK is not reached by a timing clock
Related violations: <none>

LUTAR-1#1 Warning
LUT drives async reset alert  
LUT cell hostIF/core0/core0/l9ca09c625f64b90bed25f2b6c26f6e53[3]_i_2, with 2 or more inputs, drives asynchronous preset/clear pin(s) hostIF/core0/core0/a0/l4f8cd1ab062f5571ff66db47e3d281bf_reg[2]/PRE,
hostIF/core0/core0/a0/l4f8cd1ab062f5571ff66db47e3d281bf_reg[3]/PRE,
hostIF/core0/core0/a0/l4f8cd1ab062f5571ff66db47e3d281bf_reg[4]/PRE,
hostIF/core0/core0/a0/l4f8cd1ab062f5571ff66db47e3d281bf_reg[5]/PRE,
hostIF/core0/core0/a0/l4f8cd1ab062f5571ff66db47e3d281bf_reg[6]/PRE,
hostIF/core0/core0/a0/l4f8cd1ab062f5571ff66db47e3d281bf_reg[7]/PRE,
hostIF/core0/core0/a0/l4f8cd1ab062f5571ff66db47e3d281bf_reg[8]/PRE,
hostIF/core0/core0/a0/l4f8cd1ab062f5571ff66db47e3d281bf_reg[9]/CLR,
hostIF/core0/core0/a0/l8733ba0cb25077d8c78e1b1549a80eef_reg/CLR,
hostIF/core0/core0/a0/l90ce46b343647bab4d280b5afc506219_reg/CLR,
hostIF/core0/core0/a0/l9ca09c625f64b90bed25f2b6c26f6e53_reg[0]/CLR,
hostIF/core0/core0/a0/l9ca09c625f64b90bed25f2b6c26f6e53_reg[1]/CLR,
hostIF/core0/core0/a0/l9ca09c625f64b90bed25f2b6c26f6e53_reg[2]/CLR,
hostIF/core0/core0/a0/l9ca09c625f64b90bed25f2b6c26f6e53_reg[3]/CLR,
hostIF/core0/core0/a0/le7badcf1256ff8aabbffe7a6a1b38b5f_reg_inv/PRE
 (the first 15 of 60 listed). The LUT may glitch and trigger an unexpected reset, even if it is a properly timed path.
Related violations: <none>

TIMING-18#1 Warning
Missing input or output delay  
An input delay is missing on okAA relative to clock(s) okUH0
Related violations: <none>

TIMING-28#1 Warning
Auto-derived clock referenced by a timing constraint  
The auto-derived clock mmcm0_clk0 is referenced by name inside timing constraint (see constraint position 13 in the Timing Constraint window in Vivado IDE). It is recommended to reference an auto-derived clock by the pin name attached to the clock: get_clocks -of_objects [get_pins hostIF/mmcm0/CLKOUT0]
Related violations: <none>

XDCH-1#1 Warning
Hold option missing in multicycle path constraint  
A multicycle constraint has been set to override the setup relationship, but no multicycle constraint has been defined to change the hold relationship. As a result, the default hold for those paths is derived from the setup and may not be evaluated as expected.
set_multicycle_path -setup -from [get_ports {okUHU[*]}] 2
U:/Lens_control/lens_control/lens_control.srcs/constrs_1/imports/Downloads/xem7310_v1.xdc (Line: 78)
Related violations: <none>

XDCH-1#2 Warning
Hold option missing in multicycle path constraint  
A multicycle constraint has been set to override the setup relationship, but no multicycle constraint has been defined to change the hold relationship. As a result, the default hold for those paths is derived from the setup and may not be evaluated as expected.
set_multicycle_path -setup -from [get_ports {okUH[*]}] 2
U:/Lens_control/lens_control/lens_control.srcs/constrs_1/imports/Downloads/xem7310_v1.xdc (Line: 74)
Related violations: <none>


